C51 COMPILER V9.54   MOTOR                                                                 05/19/2023 15:28:17 PAGE 1   


C51 COMPILER V9.54, COMPILATION OF MODULE MOTOR
OBJECT MODULE PLACED IN .\Objects\motor.obj
COMPILER INVOKED BY: D:\SoftwareInstall\MDK_51\C51\BIN\C51.EXE motor.c OPTIMIZE(8,SPEED) BROWSE DEBUG OBJECTEXTEND PRINT
                    -(.\Listings\motor.lst) TABS(2) OBJECT(.\Objects\motor.obj)

line level    source

   1          #include "motor.h"
   2          
   3          /*左前前*/
   4          void lef1_go()
   5          {
   6   1        In1=1;//左前前
   7   1        In2=0;
   8   1      }
   9          /*左前后*/
  10          void lef1_back()
  11          {
  12   1        In1=0;//左前后
  13   1        In2=1;
  14   1      }
  15          /*右前前*/
  16          void rig1_go()
  17          {
  18   1        In3=1;//右前前
  19   1        In4=0;
  20   1      }
  21          /*右前后*/
  22          void rig1_back()
  23          {
  24   1        In3=0;//右前后
  25   1        In4=1;
  26   1      }
  27          /*左后前*/
  28          void lef2_go()
  29          {
  30   1        In5=0;//左后前
  31   1        In6=1;
  32   1      }
  33          /*左后后*/
  34          void lef2_back()
  35          {
  36   1        In5=1;//左后后
  37   1        In6=0;
  38   1      }
  39          /*右后前*/
  40          void rig2_go()
  41          {
  42   1        In7=1;//右后前
  43   1        In8=0;
  44   1      }
  45          /*右后后*/
  46          void rig2_back()
  47          {
  48   1        In7=0;//右后后
  49   1        In8=1;
  50   1      }
  51          /*左前停止*/
  52          void lef1_stop()
  53          {
  54   1        In1=1;
C51 COMPILER V9.54   MOTOR                                                                 05/19/2023 15:28:17 PAGE 2   

  55   1        In2=1;
  56   1      }
  57          /*右前停止*/
  58          void rig1_stop()
  59          {
  60   1        In3=1;
  61   1        In4=1;
  62   1      }
  63          /*左后停止*/
  64          void lef2_stop()
  65          {
  66   1        In5=1;
  67   1        In6=1;
  68   1      }
  69          /*右后停止*/
  70          void rig2_stop()
  71          {
  72   1        In7=1;
  73   1        In8=1;
  74   1      }


MODULE INFORMATION:   STATIC OVERLAYABLE
   CODE SIZE        =     60    ----
   CONSTANT SIZE    =   ----    ----
   XDATA SIZE       =   ----    ----
   PDATA SIZE       =   ----    ----
   DATA SIZE        =   ----    ----
   IDATA SIZE       =   ----    ----
   BIT SIZE         =   ----    ----
END OF MODULE INFORMATION.


C51 COMPILATION COMPLETE.  0 WARNING(S),  0 ERROR(S)
